INFO 2025-08-13 23:41:29,832 autoreload 7376 29424 Watching for file changes with StatReloader
INFO 2025-08-13 23:41:43,643 views 7376 26736 ShopListCreateAPIView.get called by user: emin.baxisli@mail.ru
INFO 2025-08-13 23:41:43,643 views 7376 26736 Request headers: {'Content-Length': '', 'Content-Type': 'text/plain', 'Accept': 'application/json, text/plain, */*', 'Authorization': 'Bearer eyJhbGciOiJIUzI1NiIsInR5cCI6IkpXVCJ9.eyJ0b2tlbl90eXBlIjoiYWNjZXNzIiwiZXhwIjoxNzU1MTE1NzExLCJpYXQiOjE3NTUxMTIxMTEsImp0aSI6ImQ3MGIzMGUwZDg2ODRjNDVhN2ViZmRlMWUzZDU1MDZhIiwidXNlcl9pZCI6IjE3In0.IYYEtMK4-mq0M9qaEpBbkk_1o__Kgq12DDFlNw7-hT0', 'Host': '192.168.1.70:8000', 'Connection': 'Keep-Alive', 'Accept-Encoding': 'gzip', 'User-Agent': 'okhttp/4.9.2', 'If-Modified-Since': 'Wed, 13 Aug 2025 19:39:12 GMT'}
INFO 2025-08-13 23:41:43,643 views 7376 26736 Request method: GET
INFO 2025-08-13 23:41:43,643 views 7376 26736 Request user authenticated: True
INFO 2025-08-13 23:41:43,666 views 7376 26736 Response status: 200
INFO 2025-08-13 23:41:43,666 views 7376 26736 Response data count: 12
INFO 2025-08-13 23:41:43,666 views 7376 26736 === SHOP DETAILS ===
INFO 2025-08-13 23:41:43,666 views 7376 26736 Shop 1: ID=1, Name=Pizza Palace, Location={'id': 1, 'name': 'Downtown Mall', 'description': 'Popular shopping center in the heart of the city', 'latitude': 40.7128, 'longitude': -74.006}
INFO 2025-08-13 23:41:43,666 views 7376 26736   Coordinates: lat=40.7128, lng=-74.006
INFO 2025-08-13 23:41:43,666 views 7376 26736 Shop 2: ID=2, Name=Sweet Dreams Bakery, Location={'id': 2, 'name': 'University Campus', 'description': 'Student area with various food options', 'latitude': 40.7589, 'longitude': -73.9851}
INFO 2025-08-13 23:41:43,666 views 7376 26736   Coordinates: lat=40.7589, lng=-73.9851
INFO 2025-08-13 23:41:43,666 views 7376 26736 Shop 3: ID=3, Name=Coffee Corner, Location={'id': 3, 'name': 'Business District', 'description': 'Corporate area with upscale dining', 'latitude': 40.7505, 'longitude': -73.9934}
INFO 2025-08-13 23:41:43,666 views 7376 26736   Coordinates: lat=40.7505, lng=-73.9934
INFO 2025-08-13 23:41:43,666 views 7376 26736 Shop 4: ID=4, Name=Burger Express, Location={'id': 4, 'name': 'Suburban Plaza', 'description': 'Family-friendly shopping area', 'latitude': 40.7549, 'longitude': -73.984}
INFO 2025-08-13 23:41:43,666 views 7376 26736   Coordinates: lat=40.7549, lng=-73.984
INFO 2025-08-13 23:41:43,666 views 7376 26736 Shop 5: ID=5, Name=Gourmet Delights, Location={'id': 3, 'name': 'Business District', 'description': 'Corporate area with upscale dining', 'latitude': 40.7505, 'longitude': -73.9934}
INFO 2025-08-13 23:41:43,666 views 7376 26736   Coordinates: lat=40.7505, lng=-73.9934
INFO 2025-08-13 23:41:43,666 views 7376 26736 Shop 6: ID=6, Name=Dessert Heaven, Location={'id': 1, 'name': 'Downtown Mall', 'description': 'Popular shopping center in the heart of the city', 'latitude': 40.7128, 'longitude': -74.006}
INFO 2025-08-13 23:41:43,666 views 7376 26736   Coordinates: lat=40.7128, lng=-74.006
INFO 2025-08-13 23:41:43,666 views 7376 26736 Shop 7: ID=7, Name=Sakura Sushi, Location={'id': 6, 'name': 'Harbor Front', 'description': 'Waterfront dining with scenic views', 'latitude': 40.7022, 'longitude': -74.0179}
INFO 2025-08-13 23:41:43,666 views 7376 26736   Coordinates: lat=40.7022, lng=-74.0179
INFO 2025-08-13 23:41:43,666 views 7376 26736 Shop 8: ID=8, Name=La Trattoria, Location={'id': 7, 'name': 'Historic Quarter', 'description': 'Charming area with traditional restaurants', 'latitude': 40.7587, 'longitude': -73.9787}
INFO 2025-08-13 23:41:43,666 views 7376 26736   Coordinates: lat=40.7587, lng=-73.9787
INFO 2025-08-13 23:41:43,666 views 7376 26736 Shop 9: ID=9, Name=The Craft Bar, Location={'id': 5, 'name': 'Arts District', 'description': 'Creative neighborhood with trendy eateries', 'latitude': 40.7484, 'longitude': -73.9857}
INFO 2025-08-13 23:41:43,673 views 7376 26736   Coordinates: lat=40.7484, lng=-73.9857
INFO 2025-08-13 23:41:43,673 views 7376 26736 Shop 10: ID=10, Name=Tech Bites, Location={'id': 8, 'name': 'Tech Hub', 'description': 'Modern area with innovative food concepts', 'latitude': 40.7505, 'longitude': -73.9934}
INFO 2025-08-13 23:41:43,673 views 7376 26736   Coordinates: lat=40.7505, lng=-73.9934
INFO 2025-08-13 23:41:43,673 views 7376 26736 Shop 11: ID=11, Name=Cozy Coffee, Location={'id': 2, 'name': 'University Campus', 'description': 'Student area with various food options', 'latitude': 40.7589, 'longitude': -73.9851}
INFO 2025-08-13 23:41:43,673 views 7376 26736   Coordinates: lat=40.7589, lng=-73.9851
INFO 2025-08-13 23:41:43,673 views 7376 26736 Shop 12: ID=12, Name=Golden Dragon, Location={'id': 3, 'name': 'Business District', 'description': 'Corporate area with upscale dining', 'latitude': 40.7505, 'longitude': -73.9934}
INFO 2025-08-13 23:41:43,673 views 7376 26736   Coordinates: lat=40.7505, lng=-73.9934
INFO 2025-08-13 23:41:43,673 basehttp 7376 26736 "GET /products/shops/ HTTP/1.1" 200 6384
INFO 2025-08-13 23:41:44,728 basehttp 7376 26736 "GET /users/profile/ HTTP/1.1" 200 98
INFO 2025-08-13 23:41:59,104 basehttp 7376 26736 "POST /users/token/ HTTP/1.1" 200 671
INFO 2025-08-13 23:41:59,236 views 7376 26736 ShopListCreateAPIView.get called by user: emin.baxisli@mail.ru
INFO 2025-08-13 23:41:59,236 views 7376 26736 Request headers: {'Content-Length': '', 'Content-Type': 'text/plain', 'Accept': 'application/json, text/plain, */*', 'Authorization': 'Bearer eyJhbGciOiJIUzI1NiIsInR5cCI6IkpXVCJ9.eyJ0b2tlbl90eXBlIjoiYWNjZXNzIiwiZXhwIjoxNzU1MTE3NzE4LCJpYXQiOjE3NTUxMTQxMTgsImp0aSI6ImIzZDEyMDI5M2JiMTQxMzBhY2I2NzdmMDg1MGU2ZWJjIiwidXNlcl9pZCI6IjE3In0.R2vuAc-3T1OSWJ10SbPrBZjxFnqDyPeatJfLUWtUZmM', 'Host': '192.168.1.70:8000', 'Connection': 'Keep-Alive', 'Accept-Encoding': 'gzip', 'User-Agent': 'okhttp/4.9.2', 'If-Modified-Since': 'Wed, 13 Aug 2025 19:41:43 GMT'}
INFO 2025-08-13 23:41:59,236 views 7376 26736 Request method: GET
INFO 2025-08-13 23:41:59,236 views 7376 26736 Request user authenticated: True
INFO 2025-08-13 23:41:59,259 views 7376 26736 Response status: 200
INFO 2025-08-13 23:41:59,259 views 7376 26736 Response data count: 12
INFO 2025-08-13 23:41:59,259 views 7376 26736 === SHOP DETAILS ===
INFO 2025-08-13 23:41:59,259 views 7376 26736 Shop 1: ID=1, Name=Pizza Palace, Location={'id': 1, 'name': 'Downtown Mall', 'description': 'Popular shopping center in the heart of the city', 'latitude': 40.7128, 'longitude': -74.006}
INFO 2025-08-13 23:41:59,259 views 7376 26736   Coordinates: lat=40.7128, lng=-74.006
INFO 2025-08-13 23:41:59,259 views 7376 26736 Shop 2: ID=2, Name=Sweet Dreams Bakery, Location={'id': 2, 'name': 'University Campus', 'description': 'Student area with various food options', 'latitude': 40.7589, 'longitude': -73.9851}
INFO 2025-08-13 23:41:59,259 views 7376 26736   Coordinates: lat=40.7589, lng=-73.9851
INFO 2025-08-13 23:41:59,259 views 7376 26736 Shop 3: ID=3, Name=Coffee Corner, Location={'id': 3, 'name': 'Business District', 'description': 'Corporate area with upscale dining', 'latitude': 40.7505, 'longitude': -73.9934}
INFO 2025-08-13 23:41:59,259 views 7376 26736   Coordinates: lat=40.7505, lng=-73.9934
INFO 2025-08-13 23:41:59,259 views 7376 26736 Shop 4: ID=4, Name=Burger Express, Location={'id': 4, 'name': 'Suburban Plaza', 'description': 'Family-friendly shopping area', 'latitude': 40.7549, 'longitude': -73.984}
INFO 2025-08-13 23:41:59,259 views 7376 26736   Coordinates: lat=40.7549, lng=-73.984
INFO 2025-08-13 23:41:59,259 views 7376 26736 Shop 5: ID=5, Name=Gourmet Delights, Location={'id': 3, 'name': 'Business District', 'description': 'Corporate area with upscale dining', 'latitude': 40.7505, 'longitude': -73.9934}
INFO 2025-08-13 23:41:59,259 views 7376 26736   Coordinates: lat=40.7505, lng=-73.9934
INFO 2025-08-13 23:41:59,259 views 7376 26736 Shop 6: ID=6, Name=Dessert Heaven, Location={'id': 1, 'name': 'Downtown Mall', 'description': 'Popular shopping center in the heart of the city', 'latitude': 40.7128, 'longitude': -74.006}
INFO 2025-08-13 23:41:59,259 views 7376 26736   Coordinates: lat=40.7128, lng=-74.006
INFO 2025-08-13 23:41:59,259 views 7376 26736 Shop 7: ID=7, Name=Sakura Sushi, Location={'id': 6, 'name': 'Harbor Front', 'description': 'Waterfront dining with scenic views', 'latitude': 40.7022, 'longitude': -74.0179}
INFO 2025-08-13 23:41:59,259 views 7376 26736   Coordinates: lat=40.7022, lng=-74.0179
INFO 2025-08-13 23:41:59,259 views 7376 26736 Shop 8: ID=8, Name=La Trattoria, Location={'id': 7, 'name': 'Historic Quarter', 'description': 'Charming area with traditional restaurants', 'latitude': 40.7587, 'longitude': -73.9787}
INFO 2025-08-13 23:41:59,259 views 7376 26736   Coordinates: lat=40.7587, lng=-73.9787
INFO 2025-08-13 23:41:59,259 views 7376 26736 Shop 9: ID=9, Name=The Craft Bar, Location={'id': 5, 'name': 'Arts District', 'description': 'Creative neighborhood with trendy eateries', 'latitude': 40.7484, 'longitude': -73.9857}
INFO 2025-08-13 23:41:59,259 views 7376 26736   Coordinates: lat=40.7484, lng=-73.9857
INFO 2025-08-13 23:41:59,259 views 7376 26736 Shop 10: ID=10, Name=Tech Bites, Location={'id': 8, 'name': 'Tech Hub', 'description': 'Modern area with innovative food concepts', 'latitude': 40.7505, 'longitude': -73.9934}
INFO 2025-08-13 23:41:59,259 views 7376 26736   Coordinates: lat=40.7505, lng=-73.9934
INFO 2025-08-13 23:41:59,259 views 7376 26736 Shop 11: ID=11, Name=Cozy Coffee, Location={'id': 2, 'name': 'University Campus', 'description': 'Student area with various food options', 'latitude': 40.7589, 'longitude': -73.9851}
INFO 2025-08-13 23:41:59,259 views 7376 26736   Coordinates: lat=40.7589, lng=-73.9851
INFO 2025-08-13 23:41:59,259 views 7376 26736 Shop 12: ID=12, Name=Golden Dragon, Location={'id': 3, 'name': 'Business District', 'description': 'Corporate area with upscale dining', 'latitude': 40.7505, 'longitude': -73.9934}
INFO 2025-08-13 23:41:59,259 views 7376 26736   Coordinates: lat=40.7505, lng=-73.9934
INFO 2025-08-13 23:41:59,259 basehttp 7376 26736 "GET /products/shops/ HTTP/1.1" 200 6384
INFO 2025-08-13 23:42:15,280 basehttp 7376 26736 "GET /products/shops/1/products/ HTTP/1.1" 200 626
INFO 2025-08-13 23:42:15,549 basehttp 7376 26684 "GET /media/product_pictures/pizzapeperoni.jpeg HTTP/1.1" 200 12431
INFO 2025-08-13 23:42:21,547 basehttp 7376 26684 "GET /media/shop_pictures/cafe2.jpeg HTTP/1.1" 200 13929
INFO 2025-08-13 23:42:21,595 basehttp 7376 26684 "GET /media/shop_pictures/fastfood.jpeg HTTP/1.1" 200 15808
INFO 2025-08-13 23:42:21,816 basehttp 7376 26684 "GET /media/shop_pictures/restaurant.jpeg HTTP/1.1" 200 13631
INFO 2025-08-13 23:42:22,467 basehttp 7376 26736 "GET /products/shops/4/products/ HTTP/1.1" 200 540
INFO 2025-08-13 23:42:22,528 basehttp 7376 26684 "GET /media/product_pictures/burger.jpeg HTTP/1.1" 200 7526
INFO 2025-08-13 23:42:22,545 basehttp 7376 25596 "GET /media/product_pictures/frenchfries.jpeg HTTP/1.1" 200 9849
INFO 2025-08-13 23:42:33,189 basehttp 7376 26736 "POST /orders/ HTTP/1.1" 201 26
INFO 2025-08-13 23:42:33,228 basehttp 7376 26736 "POST /orders/ HTTP/1.1" 201 26
INFO 2025-08-13 23:42:35,997 basehttp 7376 26736 "GET /orders/ HTTP/1.1" 200 1885
INFO 2025-08-13 23:43:10,353 autoreload 28740 31980 Watching for file changes with StatReloader
INFO 2025-08-13 23:43:12,887 basehttp 28740 33400 "GET / HTTP/1.1" 200 82
INFO 2025-08-13 23:43:16,823 basehttp 28740 22736 "GET /admin/orders/order/ HTTP/1.1" 200 28658
INFO 2025-08-13 23:43:16,838 basehttp 28740 22736 "GET /admin/jsi18n/ HTTP/1.1" 200 3342
INFO 2025-08-13 23:43:24,051 basehttp 28740 22736 "GET /admin/orders/order/f4531cc7-a0d4-427d-a611-59a21f977336/change/ HTTP/1.1" 200 31179
INFO 2025-08-13 23:43:24,075 basehttp 28740 22736 "GET /admin/jsi18n/ HTTP/1.1" 200 3342
INFO 2025-08-13 23:43:27,572 basehttp 28740 28232 "GET /admin/orders/order/ HTTP/1.1" 200 28658
INFO 2025-08-13 23:43:31,390 basehttp 28740 28232 "GET /admin/orders/order/4219def6-eab8-4b28-94f2-cbbda347b232/change/ HTTP/1.1" 200 31180
INFO 2025-08-13 23:43:31,409 basehttp 28740 28232 "GET /admin/jsi18n/ HTTP/1.1" 200 3342
INFO 2025-08-13 23:43:34,153 basehttp 28740 28232 "GET /admin/orders/order/ HTTP/1.1" 200 28658
INFO 2025-08-13 23:44:43,440 autoreload 28132 24156 Watching for file changes with StatReloader
INFO 2025-08-13 23:44:57,559 views 28132 3940 ShopListCreateAPIView.get called by user: emin.baxisli@mail.ru
INFO 2025-08-13 23:44:57,559 views 28132 3940 Request headers: {'Content-Length': '', 'Content-Type': 'text/plain', 'Accept': 'application/json, text/plain, */*', 'Authorization': 'Bearer eyJhbGciOiJIUzI1NiIsInR5cCI6IkpXVCJ9.eyJ0b2tlbl90eXBlIjoiYWNjZXNzIiwiZXhwIjoxNzU1MTE3NzE4LCJpYXQiOjE3NTUxMTQxMTgsImp0aSI6ImIzZDEyMDI5M2JiMTQxMzBhY2I2NzdmMDg1MGU2ZWJjIiwidXNlcl9pZCI6IjE3In0.R2vuAc-3T1OSWJ10SbPrBZjxFnqDyPeatJfLUWtUZmM', 'Host': '192.168.1.70:8000', 'Connection': 'Keep-Alive', 'Accept-Encoding': 'gzip', 'User-Agent': 'okhttp/4.9.2', 'If-Modified-Since': 'Wed, 13 Aug 2025 19:41:59 GMT'}
INFO 2025-08-13 23:44:57,559 views 28132 3940 Request method: GET
INFO 2025-08-13 23:44:57,559 views 28132 3940 Request user authenticated: True
INFO 2025-08-13 23:44:57,582 views 28132 3940 Response status: 200
INFO 2025-08-13 23:44:57,582 views 28132 3940 Response data count: 12
INFO 2025-08-13 23:44:57,582 views 28132 3940 === SHOP DETAILS ===
INFO 2025-08-13 23:44:57,582 views 28132 3940 Shop 1: ID=1, Name=Pizza Palace, Location={'id': 1, 'name': 'Downtown Mall', 'description': 'Popular shopping center in the heart of the city', 'latitude': 40.7128, 'longitude': -74.006}
INFO 2025-08-13 23:44:57,582 views 28132 3940   Coordinates: lat=40.7128, lng=-74.006
INFO 2025-08-13 23:44:57,582 views 28132 3940 Shop 2: ID=2, Name=Sweet Dreams Bakery, Location={'id': 2, 'name': 'University Campus', 'description': 'Student area with various food options', 'latitude': 40.7589, 'longitude': -73.9851}
INFO 2025-08-13 23:44:57,585 views 28132 3940   Coordinates: lat=40.7589, lng=-73.9851
INFO 2025-08-13 23:44:57,585 views 28132 3940 Shop 3: ID=3, Name=Coffee Corner, Location={'id': 3, 'name': 'Business District', 'description': 'Corporate area with upscale dining', 'latitude': 40.7505, 'longitude': -73.9934}
INFO 2025-08-13 23:44:57,585 views 28132 3940   Coordinates: lat=40.7505, lng=-73.9934
INFO 2025-08-13 23:44:57,585 views 28132 3940 Shop 4: ID=4, Name=Burger Express, Location={'id': 4, 'name': 'Suburban Plaza', 'description': 'Family-friendly shopping area', 'latitude': 40.7549, 'longitude': -73.984}
INFO 2025-08-13 23:44:57,585 views 28132 3940   Coordinates: lat=40.7549, lng=-73.984
INFO 2025-08-13 23:44:57,585 views 28132 3940 Shop 5: ID=5, Name=Gourmet Delights, Location={'id': 3, 'name': 'Business District', 'description': 'Corporate area with upscale dining', 'latitude': 40.7505, 'longitude': -73.9934}
INFO 2025-08-13 23:44:57,585 views 28132 3940   Coordinates: lat=40.7505, lng=-73.9934
INFO 2025-08-13 23:44:57,585 views 28132 3940 Shop 6: ID=6, Name=Dessert Heaven, Location={'id': 1, 'name': 'Downtown Mall', 'description': 'Popular shopping center in the heart of the city', 'latitude': 40.7128, 'longitude': -74.006}
INFO 2025-08-13 23:44:57,585 views 28132 3940   Coordinates: lat=40.7128, lng=-74.006
INFO 2025-08-13 23:44:57,585 views 28132 3940 Shop 7: ID=7, Name=Sakura Sushi, Location={'id': 6, 'name': 'Harbor Front', 'description': 'Waterfront dining with scenic views', 'latitude': 40.7022, 'longitude': -74.0179}
INFO 2025-08-13 23:44:57,585 views 28132 3940   Coordinates: lat=40.7022, lng=-74.0179
INFO 2025-08-13 23:44:57,585 views 28132 3940 Shop 8: ID=8, Name=La Trattoria, Location={'id': 7, 'name': 'Historic Quarter', 'description': 'Charming area with traditional restaurants', 'latitude': 40.7587, 'longitude': -73.9787}
INFO 2025-08-13 23:44:57,585 views 28132 3940   Coordinates: lat=40.7587, lng=-73.9787
INFO 2025-08-13 23:44:57,585 views 28132 3940 Shop 9: ID=9, Name=The Craft Bar, Location={'id': 5, 'name': 'Arts District', 'description': 'Creative neighborhood with trendy eateries', 'latitude': 40.7484, 'longitude': -73.9857}
INFO 2025-08-13 23:44:57,585 views 28132 3940   Coordinates: lat=40.7484, lng=-73.9857
INFO 2025-08-13 23:44:57,585 views 28132 3940 Shop 10: ID=10, Name=Tech Bites, Location={'id': 8, 'name': 'Tech Hub', 'description': 'Modern area with innovative food concepts', 'latitude': 40.7505, 'longitude': -73.9934}
INFO 2025-08-13 23:44:57,585 views 28132 3940   Coordinates: lat=40.7505, lng=-73.9934
INFO 2025-08-13 23:44:57,585 views 28132 3940 Shop 11: ID=11, Name=Cozy Coffee, Location={'id': 2, 'name': 'University Campus', 'description': 'Student area with various food options', 'latitude': 40.7589, 'longitude': -73.9851}
INFO 2025-08-13 23:44:57,585 views 28132 3940   Coordinates: lat=40.7589, lng=-73.9851
INFO 2025-08-13 23:44:57,585 views 28132 3940 Shop 12: ID=12, Name=Golden Dragon, Location={'id': 3, 'name': 'Business District', 'description': 'Corporate area with upscale dining', 'latitude': 40.7505, 'longitude': -73.9934}
INFO 2025-08-13 23:44:57,585 views 28132 3940   Coordinates: lat=40.7505, lng=-73.9934
INFO 2025-08-13 23:44:57,588 basehttp 28132 3940 "GET /products/shops/ HTTP/1.1" 200 6384
INFO 2025-08-13 23:44:58,911 basehttp 28132 3940 "GET /orders/ HTTP/1.1" 200 1947
INFO 2025-08-13 23:45:10,458 basehttp 28132 3940 "GET / HTTP/1.1" 200 82
INFO 2025-08-13 23:45:10,618 views 28132 3940 ShopListCreateAPIView.get called by user: emin.baxisli@mail.ru
INFO 2025-08-13 23:45:10,618 views 28132 3940 Request headers: {'Content-Length': '', 'Content-Type': 'text/plain', 'Accept': 'application/json, text/plain, */*', 'Authorization': 'Bearer eyJhbGciOiJIUzI1NiIsInR5cCI6IkpXVCJ9.eyJ0b2tlbl90eXBlIjoiYWNjZXNzIiwiZXhwIjoxNzU1MTE3NzE4LCJpYXQiOjE3NTUxMTQxMTgsImp0aSI6ImIzZDEyMDI5M2JiMTQxMzBhY2I2NzdmMDg1MGU2ZWJjIiwidXNlcl9pZCI6IjE3In0.R2vuAc-3T1OSWJ10SbPrBZjxFnqDyPeatJfLUWtUZmM', 'Host': '192.168.1.70:8000', 'Connection': 'Keep-Alive', 'Accept-Encoding': 'gzip', 'User-Agent': 'okhttp/4.9.2', 'If-Modified-Since': 'Wed, 13 Aug 2025 19:44:57 GMT'}
INFO 2025-08-13 23:45:10,618 views 28132 3940 Request method: GET
INFO 2025-08-13 23:45:10,618 views 28132 3940 Request user authenticated: True
INFO 2025-08-13 23:45:10,622 views 28132 3940 Response status: 200
INFO 2025-08-13 23:45:10,622 views 28132 3940 Response data count: 12
INFO 2025-08-13 23:45:10,622 views 28132 3940 === SHOP DETAILS ===
INFO 2025-08-13 23:45:10,638 views 28132 3940 Shop 1: ID=1, Name=Pizza Palace, Location={'id': 1, 'name': 'Downtown Mall', 'description': 'Popular shopping center in the heart of the city', 'latitude': 40.7128, 'longitude': -74.006}
INFO 2025-08-13 23:45:10,638 views 28132 3940   Coordinates: lat=40.7128, lng=-74.006
INFO 2025-08-13 23:45:10,638 views 28132 3940 Shop 2: ID=2, Name=Sweet Dreams Bakery, Location={'id': 2, 'name': 'University Campus', 'description': 'Student area with various food options', 'latitude': 40.7589, 'longitude': -73.9851}
INFO 2025-08-13 23:45:10,638 views 28132 3940   Coordinates: lat=40.7589, lng=-73.9851
INFO 2025-08-13 23:45:10,638 views 28132 3940 Shop 3: ID=3, Name=Coffee Corner, Location={'id': 3, 'name': 'Business District', 'description': 'Corporate area with upscale dining', 'latitude': 40.7505, 'longitude': -73.9934}
INFO 2025-08-13 23:45:10,638 views 28132 3940   Coordinates: lat=40.7505, lng=-73.9934
INFO 2025-08-13 23:45:10,638 views 28132 3940 Shop 4: ID=4, Name=Burger Express, Location={'id': 4, 'name': 'Suburban Plaza', 'description': 'Family-friendly shopping area', 'latitude': 40.7549, 'longitude': -73.984}
INFO 2025-08-13 23:45:10,638 views 28132 3940   Coordinates: lat=40.7549, lng=-73.984
INFO 2025-08-13 23:45:10,638 views 28132 3940 Shop 5: ID=5, Name=Gourmet Delights, Location={'id': 3, 'name': 'Business District', 'description': 'Corporate area with upscale dining', 'latitude': 40.7505, 'longitude': -73.9934}
INFO 2025-08-13 23:45:10,638 views 28132 3940   Coordinates: lat=40.7505, lng=-73.9934
INFO 2025-08-13 23:45:10,638 views 28132 3940 Shop 6: ID=6, Name=Dessert Heaven, Location={'id': 1, 'name': 'Downtown Mall', 'description': 'Popular shopping center in the heart of the city', 'latitude': 40.7128, 'longitude': -74.006}
INFO 2025-08-13 23:45:10,638 views 28132 3940   Coordinates: lat=40.7128, lng=-74.006
INFO 2025-08-13 23:45:10,638 views 28132 3940 Shop 7: ID=7, Name=Sakura Sushi, Location={'id': 6, 'name': 'Harbor Front', 'description': 'Waterfront dining with scenic views', 'latitude': 40.7022, 'longitude': -74.0179}
INFO 2025-08-13 23:45:10,638 views 28132 3940   Coordinates: lat=40.7022, lng=-74.0179
INFO 2025-08-13 23:45:10,638 views 28132 3940 Shop 8: ID=8, Name=La Trattoria, Location={'id': 7, 'name': 'Historic Quarter', 'description': 'Charming area with traditional restaurants', 'latitude': 40.7587, 'longitude': -73.9787}
INFO 2025-08-13 23:45:10,638 views 28132 3940   Coordinates: lat=40.7587, lng=-73.9787
INFO 2025-08-13 23:45:10,638 views 28132 3940 Shop 9: ID=9, Name=The Craft Bar, Location={'id': 5, 'name': 'Arts District', 'description': 'Creative neighborhood with trendy eateries', 'latitude': 40.7484, 'longitude': -73.9857}
INFO 2025-08-13 23:45:10,641 views 28132 3940   Coordinates: lat=40.7484, lng=-73.9857
INFO 2025-08-13 23:45:10,641 views 28132 3940 Shop 10: ID=10, Name=Tech Bites, Location={'id': 8, 'name': 'Tech Hub', 'description': 'Modern area with innovative food concepts', 'latitude': 40.7505, 'longitude': -73.9934}
INFO 2025-08-13 23:45:10,641 views 28132 3940   Coordinates: lat=40.7505, lng=-73.9934
INFO 2025-08-13 23:45:10,641 views 28132 3940 Shop 11: ID=11, Name=Cozy Coffee, Location={'id': 2, 'name': 'University Campus', 'description': 'Student area with various food options', 'latitude': 40.7589, 'longitude': -73.9851}
INFO 2025-08-13 23:45:10,641 views 28132 3940   Coordinates: lat=40.7589, lng=-73.9851
INFO 2025-08-13 23:45:10,641 views 28132 3940 Shop 12: ID=12, Name=Golden Dragon, Location={'id': 3, 'name': 'Business District', 'description': 'Corporate area with upscale dining', 'latitude': 40.7505, 'longitude': -73.9934}
INFO 2025-08-13 23:45:10,641 views 28132 3940   Coordinates: lat=40.7505, lng=-73.9934
INFO 2025-08-13 23:45:10,641 basehttp 28132 3940 "GET /products/shops/ HTTP/1.1" 200 6384
INFO 2025-08-13 23:45:32,300 basehttp 28132 20476 "GET /media/shop_pictures/sweet-bakery.jpg HTTP/1.1" 200 44363
INFO 2025-08-13 23:45:32,650 basehttp 28132 20476 "GET /media/shop_pictures/restaurant2.jpeg HTTP/1.1" 200 11736
INFO 2025-08-13 23:45:34,035 basehttp 28132 3940 "GET /products/shops/2/products/ HTTP/1.1" 200 601
INFO 2025-08-13 23:45:34,273 basehttp 28132 20476 "GET /media/product_pictures/theperfectloaf-mybestsourdoughrecipe-title-1.jpg HTTP/1.1" 200 133119
INFO 2025-08-13 23:45:34,283 basehttp 28132 10584 "GET /media/product_pictures/notususalbread.jpeg HTTP/1.1" 200 12314
INFO 2025-08-13 23:45:34,283 basehttp 28132 6628 "GET /media/product_pictures/kruasan.jpeg HTTP/1.1" 200 6708
INFO 2025-08-13 23:45:40,384 basehttp 28132 3940 "GET /users/profile/ HTTP/1.1" 200 98
INFO 2025-08-13 23:50:27,674 autoreload 2692 23164 Watching for file changes with StatReloader
INFO 2025-08-13 23:51:25,040 views 2692 8020 User emin.baxisli@mail.ru requested their shops. Found 1 shops.
INFO 2025-08-13 23:51:25,041 basehttp 2692 8020 "GET /products/my-shops/ HTTP/1.1" 200 542
INFO 2025-08-13 23:51:25,155 views 2692 8020 User emin.baxisli@mail.ru requested their shops. Found 1 shops.
INFO 2025-08-13 23:51:25,156 basehttp 2692 8020 "GET /products/my-shops/ HTTP/1.1" 200 542
INFO 2025-08-13 23:51:30,686 basehttp 2692 8020 "GET /orders/ HTTP/1.1" 200 1947
INFO 2025-08-13 23:51:35,575 basehttp 2692 8020 "GET /users/profile/ HTTP/1.1" 200 98
INFO 2025-08-13 23:51:43,779 basehttp 2692 8020 - Broken pipe from ('192.168.1.83', 55450)
INFO 2025-08-13 23:56:12,798 autoreload 2692 23164 C:\Users\ASUS\Downloads\Portfolio\TheQutt\orders\views.py changed, reloading.
INFO 2025-08-13 23:56:13,382 autoreload 4700 20624 Watching for file changes with StatReloader
INFO 2025-08-13 23:56:27,040 autoreload 4700 20624 C:\Users\ASUS\Downloads\Portfolio\TheQutt\orders\urls.py changed, reloading.
INFO 2025-08-13 23:56:27,573 autoreload 30624 32608 Watching for file changes with StatReloader
INFO 2025-08-13 23:56:33,094 autoreload 30624 32608 C:\Users\ASUS\Downloads\Portfolio\TheQutt\orders\urls.py changed, reloading.
INFO 2025-08-13 23:56:33,638 autoreload 23608 32972 Watching for file changes with StatReloader
INFO 2025-08-13 23:57:46,434 autoreload 23608 32972 C:\Users\ASUS\Downloads\Portfolio\TheQutt\orders\views.py changed, reloading.
INFO 2025-08-13 23:57:47,064 autoreload 28292 32232 Watching for file changes with StatReloader
INFO 2025-08-13 23:57:59,767 autoreload 28292 32232 C:\Users\ASUS\Downloads\Portfolio\TheQutt\orders\models.py changed, reloading.
INFO 2025-08-13 23:58:00,377 autoreload 30600 3372 Watching for file changes with StatReloader
INFO 2025-08-14 00:00:03,275 autoreload 21084 29256 Watching for file changes with StatReloader
INFO 2025-08-14 00:00:18,770 views 21084 20504 User emin.baxisli@mail.ru requested their shops. Found 1 shops.
INFO 2025-08-14 00:00:18,770 basehttp 21084 20504 "GET /products/my-shops/ HTTP/1.1" 200 542
INFO 2025-08-14 00:00:18,844 views 21084 20504 User emin.baxisli@mail.ru requested their shops. Found 1 shops.
INFO 2025-08-14 00:00:18,845 basehttp 21084 20504 "GET /products/my-shops/ HTTP/1.1" 200 542
INFO 2025-08-14 00:00:22,393 views 21084 20504 User emin.baxisli@mail.ru requested their shops. Found 1 shops.
INFO 2025-08-14 00:00:22,394 basehttp 21084 20504 "GET /products/my-shops/ HTTP/1.1" 200 542
WARNING 2025-08-14 00:00:22,463 log 21084 20504 Not Found: /orders/shop-orders/11/
WARNING 2025-08-14 00:00:22,463 basehttp 21084 20504 "GET /orders/shop-orders/11/ HTTP/1.1" 404 4713
INFO 2025-08-14 00:02:06,727 autoreload 30472 26440 Watching for file changes with StatReloader
INFO 2025-08-14 00:02:34,432 views 30472 29988 User emin.baxisli@mail.ru requested their shops. Found 1 shops.
INFO 2025-08-14 00:02:34,432 basehttp 30472 29988 "GET /products/my-shops/ HTTP/1.1" 200 542
INFO 2025-08-14 00:02:34,508 views 30472 29988 User emin.baxisli@mail.ru requested their shops. Found 1 shops.
INFO 2025-08-14 00:02:34,508 basehttp 30472 29988 "GET /products/my-shops/ HTTP/1.1" 200 542
INFO 2025-08-14 00:02:38,531 views 30472 29988 User emin.baxisli@mail.ru requested their shops. Found 1 shops.
INFO 2025-08-14 00:02:38,531 basehttp 30472 29988 "GET /products/my-shops/ HTTP/1.1" 200 542
INFO 2025-08-14 00:02:38,580 views 30472 29988 User emin.baxisli@mail.ru requested orders for shop 11. Found 1 orders.
INFO 2025-08-14 00:02:38,580 basehttp 30472 29988 "GET /orders/shop-orders/11/ HTTP/1.1" 200 376
INFO 2025-08-14 00:02:41,492 basehttp 30472 29988 "GET /products/shops/11/products/ HTTP/1.1" 200 488
INFO 2025-08-14 00:15:09,268 autoreload 23608 29424 Watching for file changes with StatReloader
INFO 2025-08-14 00:15:22,797 views 23608 32708 User emin.baxisli@mail.ru requested their shops. Found 1 shops.
INFO 2025-08-14 00:15:22,797 basehttp 23608 32708 "GET /products/my-shops/ HTTP/1.1" 200 542
INFO 2025-08-14 00:15:22,895 views 23608 32708 User emin.baxisli@mail.ru requested their shops. Found 1 shops.
INFO 2025-08-14 00:15:22,895 basehttp 23608 32708 "GET /products/my-shops/ HTTP/1.1" 200 542
INFO 2025-08-14 00:15:24,456 basehttp 23608 32708 "GET /products/shops/11/products/ HTTP/1.1" 200 488
INFO 2025-08-14 00:15:29,435 basehttp 23608 32708 "GET /products/shops/11/products/ HTTP/1.1" 200 488
INFO 2025-08-14 00:15:41,068 basehttp 23608 32708 "GET /users/profile/ HTTP/1.1" 200 98
INFO 2025-08-14 00:16:18,082 basehttp 23608 32708 "POST /users/register/ HTTP/1.1" 201 140
INFO 2025-08-14 00:16:33,585 basehttp 23608 32708 "POST /users/token/ HTTP/1.1" 200 678
INFO 2025-08-14 00:16:33,861 views 23608 32708 User masennik@gmail.com requested their shops. Found 0 shops.
INFO 2025-08-14 00:16:33,861 basehttp 23608 32708 "GET /products/my-shops/ HTTP/1.1" 200 2
INFO 2025-08-14 00:16:34,055 views 23608 32708 ShopListCreateAPIView.get called by user: masennik@gmail.com
INFO 2025-08-14 00:16:34,056 views 23608 32708 Request headers: {'Content-Length': '', 'Content-Type': 'text/plain', 'Accept': 'application/json, text/plain, */*', 'Authorization': 'Bearer eyJhbGciOiJIUzI1NiIsInR5cCI6IkpXVCJ9.eyJ0b2tlbl90eXBlIjoiYWNjZXNzIiwiZXhwIjoxNzU1MTE5NzkzLCJpYXQiOjE3NTUxMTYxOTMsImp0aSI6IjQ3MjFjYTI3OWNjNTQyODU5MDllN2JkZGM1NzM5ODYwIiwidXNlcl9pZCI6IjE4In0.zLqwBuXkrFEZbHYB3F5JMwuOMn47QnhTY8HZWQqXlps', 'Host': '192.168.1.70:8000', 'Connection': 'Keep-Alive', 'Accept-Encoding': 'gzip', 'User-Agent': 'okhttp/4.9.2', 'If-Modified-Since': 'Wed, 13 Aug 2025 19:45:10 GMT'}
INFO 2025-08-14 00:16:34,057 views 23608 32708 Request method: GET
INFO 2025-08-14 00:16:34,059 views 23608 32708 Request user authenticated: True
INFO 2025-08-14 00:16:34,078 views 23608 32708 Response status: 200
INFO 2025-08-14 00:16:34,078 views 23608 32708 Response data count: 12
INFO 2025-08-14 00:16:34,079 views 23608 32708 === SHOP DETAILS ===
INFO 2025-08-14 00:16:34,079 views 23608 32708 Shop 1: ID=1, Name=Pizza Palace, Location={'id': 1, 'name': 'Downtown Mall', 'description': 'Popular shopping center in the heart of the city', 'latitude': 40.7128, 'longitude': -74.006}
INFO 2025-08-14 00:16:34,079 views 23608 32708   Coordinates: lat=40.7128, lng=-74.006
INFO 2025-08-14 00:16:34,079 views 23608 32708 Shop 2: ID=2, Name=Sweet Dreams Bakery, Location={'id': 2, 'name': 'University Campus', 'description': 'Student area with various food options', 'latitude': 40.7589, 'longitude': -73.9851}
INFO 2025-08-14 00:16:34,080 views 23608 32708   Coordinates: lat=40.7589, lng=-73.9851
INFO 2025-08-14 00:16:34,080 views 23608 32708 Shop 3: ID=3, Name=Coffee Corner, Location={'id': 3, 'name': 'Business District', 'description': 'Corporate area with upscale dining', 'latitude': 40.7505, 'longitude': -73.9934}
INFO 2025-08-14 00:16:34,080 views 23608 32708   Coordinates: lat=40.7505, lng=-73.9934
INFO 2025-08-14 00:16:34,080 views 23608 32708 Shop 4: ID=4, Name=Burger Express, Location={'id': 4, 'name': 'Suburban Plaza', 'description': 'Family-friendly shopping area', 'latitude': 40.7549, 'longitude': -73.984}
INFO 2025-08-14 00:16:34,080 views 23608 32708   Coordinates: lat=40.7549, lng=-73.984
INFO 2025-08-14 00:16:34,081 views 23608 32708 Shop 5: ID=5, Name=Gourmet Delights, Location={'id': 3, 'name': 'Business District', 'description': 'Corporate area with upscale dining', 'latitude': 40.7505, 'longitude': -73.9934}
INFO 2025-08-14 00:16:34,081 views 23608 32708   Coordinates: lat=40.7505, lng=-73.9934
INFO 2025-08-14 00:16:34,081 views 23608 32708 Shop 6: ID=6, Name=Dessert Heaven, Location={'id': 1, 'name': 'Downtown Mall', 'description': 'Popular shopping center in the heart of the city', 'latitude': 40.7128, 'longitude': -74.006}
INFO 2025-08-14 00:16:34,081 views 23608 32708   Coordinates: lat=40.7128, lng=-74.006
INFO 2025-08-14 00:16:34,082 views 23608 32708 Shop 7: ID=7, Name=Sakura Sushi, Location={'id': 6, 'name': 'Harbor Front', 'description': 'Waterfront dining with scenic views', 'latitude': 40.7022, 'longitude': -74.0179}
INFO 2025-08-14 00:16:34,082 views 23608 32708   Coordinates: lat=40.7022, lng=-74.0179
INFO 2025-08-14 00:16:34,082 views 23608 32708 Shop 8: ID=8, Name=La Trattoria, Location={'id': 7, 'name': 'Historic Quarter', 'description': 'Charming area with traditional restaurants', 'latitude': 40.7587, 'longitude': -73.9787}
INFO 2025-08-14 00:16:34,082 views 23608 32708   Coordinates: lat=40.7587, lng=-73.9787
INFO 2025-08-14 00:16:34,082 views 23608 32708 Shop 9: ID=9, Name=The Craft Bar, Location={'id': 5, 'name': 'Arts District', 'description': 'Creative neighborhood with trendy eateries', 'latitude': 40.7484, 'longitude': -73.9857}
INFO 2025-08-14 00:16:34,083 views 23608 32708   Coordinates: lat=40.7484, lng=-73.9857
INFO 2025-08-14 00:16:34,083 views 23608 32708 Shop 10: ID=10, Name=Tech Bites, Location={'id': 8, 'name': 'Tech Hub', 'description': 'Modern area with innovative food concepts', 'latitude': 40.7505, 'longitude': -73.9934}
INFO 2025-08-14 00:16:34,083 views 23608 32708   Coordinates: lat=40.7505, lng=-73.9934
INFO 2025-08-14 00:16:34,083 views 23608 32708 Shop 11: ID=11, Name=Cozy Coffee, Location={'id': 2, 'name': 'University Campus', 'description': 'Student area with various food options', 'latitude': 40.7589, 'longitude': -73.9851}
INFO 2025-08-14 00:16:34,084 views 23608 32708   Coordinates: lat=40.7589, lng=-73.9851
INFO 2025-08-14 00:16:34,084 views 23608 32708 Shop 12: ID=12, Name=Golden Dragon, Location={'id': 3, 'name': 'Business District', 'description': 'Corporate area with upscale dining', 'latitude': 40.7505, 'longitude': -73.9934}
INFO 2025-08-14 00:16:34,084 views 23608 32708   Coordinates: lat=40.7505, lng=-73.9934
INFO 2025-08-14 00:16:34,085 basehttp 23608 32708 "GET /products/shops/ HTTP/1.1" 200 6384
INFO 2025-08-14 00:16:36,662 basehttp 23608 32200 "GET /media/shop_pictures/bar.jpeg HTTP/1.1" 200 14618
INFO 2025-08-14 00:16:36,664 basehttp 23608 32460 "GET /media/shop_pictures/download_6.jpeg HTTP/1.1" 200 12071
INFO 2025-08-14 00:16:36,716 basehttp 23608 24768 "GET /media/shop_pictures/cozy-coffee-shop-stockcake.jpg HTTP/1.1" 200 73917
INFO 2025-08-14 00:16:39,455 basehttp 23608 32708 "GET / HTTP/1.1" 200 82
INFO 2025-08-14 00:16:39,493 views 23608 32708 ShopListCreateAPIView.get called by user: masennik@gmail.com
INFO 2025-08-14 00:16:39,493 views 23608 32708 Request headers: {'Content-Length': '', 'Content-Type': 'text/plain', 'Accept': 'application/json, text/plain, */*', 'Authorization': 'Bearer eyJhbGciOiJIUzI1NiIsInR5cCI6IkpXVCJ9.eyJ0b2tlbl90eXBlIjoiYWNjZXNzIiwiZXhwIjoxNzU1MTE5NzkzLCJpYXQiOjE3NTUxMTYxOTMsImp0aSI6IjQ3MjFjYTI3OWNjNTQyODU5MDllN2JkZGM1NzM5ODYwIiwidXNlcl9pZCI6IjE4In0.zLqwBuXkrFEZbHYB3F5JMwuOMn47QnhTY8HZWQqXlps', 'Host': '192.168.1.70:8000', 'Connection': 'Keep-Alive', 'Accept-Encoding': 'gzip', 'User-Agent': 'okhttp/4.9.2', 'If-Modified-Since': 'Wed, 13 Aug 2025 20:16:34 GMT'}
INFO 2025-08-14 00:16:39,493 views 23608 32708 Request method: GET
INFO 2025-08-14 00:16:39,493 views 23608 32708 Request user authenticated: True
INFO 2025-08-14 00:16:39,510 views 23608 32708 Response status: 200
INFO 2025-08-14 00:16:39,510 views 23608 32708 Response data count: 12
INFO 2025-08-14 00:16:39,510 views 23608 32708 === SHOP DETAILS ===
INFO 2025-08-14 00:16:39,510 views 23608 32708 Shop 1: ID=1, Name=Pizza Palace, Location={'id': 1, 'name': 'Downtown Mall', 'description': 'Popular shopping center in the heart of the city', 'latitude': 40.7128, 'longitude': -74.006}
INFO 2025-08-14 00:16:39,510 views 23608 32708   Coordinates: lat=40.7128, lng=-74.006
INFO 2025-08-14 00:16:39,510 views 23608 32708 Shop 2: ID=2, Name=Sweet Dreams Bakery, Location={'id': 2, 'name': 'University Campus', 'description': 'Student area with various food options', 'latitude': 40.7589, 'longitude': -73.9851}
INFO 2025-08-14 00:16:39,510 views 23608 32708   Coordinates: lat=40.7589, lng=-73.9851
INFO 2025-08-14 00:16:39,510 views 23608 32708 Shop 3: ID=3, Name=Coffee Corner, Location={'id': 3, 'name': 'Business District', 'description': 'Corporate area with upscale dining', 'latitude': 40.7505, 'longitude': -73.9934}
INFO 2025-08-14 00:16:39,510 views 23608 32708   Coordinates: lat=40.7505, lng=-73.9934
INFO 2025-08-14 00:16:39,510 views 23608 32708 Shop 4: ID=4, Name=Burger Express, Location={'id': 4, 'name': 'Suburban Plaza', 'description': 'Family-friendly shopping area', 'latitude': 40.7549, 'longitude': -73.984}
INFO 2025-08-14 00:16:39,515 views 23608 32708   Coordinates: lat=40.7549, lng=-73.984
INFO 2025-08-14 00:16:39,515 views 23608 32708 Shop 5: ID=5, Name=Gourmet Delights, Location={'id': 3, 'name': 'Business District', 'description': 'Corporate area with upscale dining', 'latitude': 40.7505, 'longitude': -73.9934}
INFO 2025-08-14 00:16:39,515 views 23608 32708   Coordinates: lat=40.7505, lng=-73.9934
INFO 2025-08-14 00:16:39,515 views 23608 32708 Shop 6: ID=6, Name=Dessert Heaven, Location={'id': 1, 'name': 'Downtown Mall', 'description': 'Popular shopping center in the heart of the city', 'latitude': 40.7128, 'longitude': -74.006}
INFO 2025-08-14 00:16:39,515 views 23608 32708   Coordinates: lat=40.7128, lng=-74.006
INFO 2025-08-14 00:16:39,515 views 23608 32708 Shop 7: ID=7, Name=Sakura Sushi, Location={'id': 6, 'name': 'Harbor Front', 'description': 'Waterfront dining with scenic views', 'latitude': 40.7022, 'longitude': -74.0179}
INFO 2025-08-14 00:16:39,515 views 23608 32708   Coordinates: lat=40.7022, lng=-74.0179
INFO 2025-08-14 00:16:39,515 views 23608 32708 Shop 8: ID=8, Name=La Trattoria, Location={'id': 7, 'name': 'Historic Quarter', 'description': 'Charming area with traditional restaurants', 'latitude': 40.7587, 'longitude': -73.9787}
INFO 2025-08-14 00:16:39,515 views 23608 32708   Coordinates: lat=40.7587, lng=-73.9787
INFO 2025-08-14 00:16:39,515 views 23608 32708 Shop 9: ID=9, Name=The Craft Bar, Location={'id': 5, 'name': 'Arts District', 'description': 'Creative neighborhood with trendy eateries', 'latitude': 40.7484, 'longitude': -73.9857}
INFO 2025-08-14 00:16:39,515 views 23608 32708   Coordinates: lat=40.7484, lng=-73.9857
INFO 2025-08-14 00:16:39,515 views 23608 32708 Shop 10: ID=10, Name=Tech Bites, Location={'id': 8, 'name': 'Tech Hub', 'description': 'Modern area with innovative food concepts', 'latitude': 40.7505, 'longitude': -73.9934}
INFO 2025-08-14 00:16:39,515 views 23608 32708   Coordinates: lat=40.7505, lng=-73.9934
INFO 2025-08-14 00:16:39,515 views 23608 32708 Shop 11: ID=11, Name=Cozy Coffee, Location={'id': 2, 'name': 'University Campus', 'description': 'Student area with various food options', 'latitude': 40.7589, 'longitude': -73.9851}
INFO 2025-08-14 00:16:39,515 views 23608 32708   Coordinates: lat=40.7589, lng=-73.9851
INFO 2025-08-14 00:16:39,515 views 23608 32708 Shop 12: ID=12, Name=Golden Dragon, Location={'id': 3, 'name': 'Business District', 'description': 'Corporate area with upscale dining', 'latitude': 40.7505, 'longitude': -73.9934}
INFO 2025-08-14 00:16:39,515 views 23608 32708   Coordinates: lat=40.7505, lng=-73.9934
INFO 2025-08-14 00:16:39,515 basehttp 23608 32708 "GET /products/shops/ HTTP/1.1" 200 6384
INFO 2025-08-14 00:16:46,091 basehttp 23608 32708 "GET /users/profile/ HTTP/1.1" 200 105
INFO 2025-08-14 13:38:25,487 autoreload 17776 21136 Watching for file changes with StatReloader
